<?xml version="1.0" encoding="UTF-8"?>
<!-- Generated by org.testng.reporters.JUnitXMLReporter -->
<testsuite hostname="Galinas-Air" name="Default test" tests="4" failures="0" timestamp="5 Feb 2017 01:18:40 GMT" time="38.69" errors="0">
  <testcase name="searchNestleSiteTest" time="7.047" classname="com.sqa.gy.nestle.NestleTest"/>
  <testcase name="searchNestleSiteTest" time="6.408" classname="com.sqa.gy.nestle.NestleTest"/>
  <testcase name="searchNestleSiteTest" time="6.419" classname="com.sqa.gy.nestle.NestleTest"/>
  <testcase name="searchNestleSiteTest" time="6.941" classname="com.sqa.gy.nestle.NestleTest"/>
</testsuite> <!-- Default test -->
