<?xml version="1.0" encoding="UTF-8"?>
<testng-results skipped="0" failed="0" total="1" passed="1">
  <reporter-output>
  </reporter-output>
  <suite name="Default suite" duration-ms="10513" started-at="2017-02-04T23:38:47Z" finished-at="2017-02-04T23:38:58Z">
    <groups>
    </groups>
    <test name="Default test" duration-ms="10513" started-at="2017-02-04T23:38:47Z" finished-at="2017-02-04T23:38:58Z">
      <class name="com.sqa.gy.nestle.NestleTest">
        <test-method status="PASS" signature="setUpChrome()[pri:0, instance:com.sqa.gy.nestle.NestleTest@23049065]" name="setUpChrome" is-config="true" duration-ms="3348" started-at="2017-02-04T15:38:47Z" finished-at="2017-02-04T15:38:50Z">
          <reporter-output>
          </reporter-output>
        </test-method> <!-- setUpChrome -->
        <test-method status="PASS" signature="searchNestleSiteTest()[pri:0, instance:com.sqa.gy.nestle.NestleTest@23049065]" name="searchNestleSiteTest" duration-ms="7039" started-at="2017-02-04T15:38:50Z" finished-at="2017-02-04T15:38:57Z">
          <reporter-output>
          </reporter-output>
        </test-method> <!-- searchNestleSiteTest -->
        <test-method status="PASS" signature="tearDown()[pri:0, instance:com.sqa.gy.nestle.NestleTest@23049065]" name="tearDown" is-config="true" duration-ms="96" started-at="2017-02-04T15:38:57Z" finished-at="2017-02-04T15:38:58Z">
          <reporter-output>
          </reporter-output>
        </test-method> <!-- tearDown -->
      </class> <!-- com.sqa.gy.nestle.NestleTest -->
    </test> <!-- Default test -->
  </suite> <!-- Default suite -->
</testng-results>
